# JRE version: OpenJDK Runtime Environment (8.0_212) (build 1.8.0_212-release-1586-b4-5784211)
# Java VM: OpenJDK 64-Bit Server VM (25.212-b4-5784211 mixed mode bsd-amd64 compressed oops)
Heap:
 PSYoungGen      total 349696K, used 174568K [0x00000007a0000000, 0x00000007c0000000, 0x00000007c0000000)
  eden space 175104K, 0% used [0x00000007a0000000,0x00000007a0000000,0x00000007aab00000)
  from space 174592K, 99% used [0x00000007b5580000,0x00000007bfffa2e8,0x00000007c0000000)
  to   space 174592K, 0% used [0x00000007aab00000,0x00000007aab00000,0x00000007b5580000)
 ParOldGen       total 348160K, used 317182K [0x0000000760000000, 0x0000000775400000, 0x00000007a0000000)
  object space 348160K, 91% used [0x0000000760000000,0x00000007735bf848,0x0000000775400000)
 Metaspace       used 600789K, capacity 628856K, committed 628992K, reserved 1595392K
  class space    used 77276K, capacity 82880K, committed 82944K, reserved 1048576K
GC Heap History (10 events):
Event: 5919.149 GC heap after
Heap after GC invocations=89 (full 7):
 PSYoungGen      total 334336K, used 115720K [0x00000007a0000000, 0x00000007c0000000, 0x00000007c0000000)
  eden space 217088K, 0% used [0x00000007a0000000,0x00000007a0000000,0x00000007ad400000)
  from space 117248K, 98% used [0x00000007b8d80000,0x00000007bfe82328,0x00000007c0000000)
  to   space 153600K, 0% used [0x00000007ad400000,0x00000007ad400000,0x00000007b6a00000)
 ParOldGen       total 348160K, used 249250K [0x0000000760000000, 0x0000000775400000, 0x00000007a0000000)
  object space 348160K, 71% used [0x0000000760000000,0x000000076f368900,0x0000000775400000)
 Metaspace       used 589571K, capacity 617328K, committed 617600K, reserved 1585152K
  class space    used 75901K, capacity 81424K, committed 81536K, reserved 1048576K
}
Event: 5923.380 GC heap before
{Heap before GC invocations=90 (full 7):
 PSYoungGen      total 334336K, used 332808K [0x00000007a0000000, 0x00000007c0000000, 0x00000007c0000000)
  eden space 217088K, 100% used [0x00000007a0000000,0x00000007ad400000,0x00000007ad400000)
  from space 117248K, 98% used [0x00000007b8d80000,0x00000007bfe82328,0x00000007c0000000)
  to   space 153600K, 0% used [0x00000007ad400000,0x00000007ad400000,0x00000007b6a00000)
 ParOldGen       total 348160K, used 249250K [0x0000000760000000, 0x0000000775400000, 0x00000007a0000000)
  object space 348160K, 71% used [0x0000000760000000,0x000000076f368900,0x0000000775400000)
 Metaspace       used 589710K, capacity 617420K, committed 617600K, reserved 1585152K
  class space    used 75903K, capacity 81428K, committed 81536K, reserved 1048576K
Event: 5923.758 GC heap after
Heap after GC invocations=90 (full 7):
 PSYoungGen      total 337408K, used 120047K [0x00000007a0000000, 0x00000007c0000000, 0x00000007c0000000)
  eden space 217088K, 0% used [0x00000007a0000000,0x00000007a0000000,0x00000007ad400000)
  from space 120320K, 99% used [0x00000007ad400000,0x00000007b493bf68,0x00000007b4980000)
  to   space 162816K, 0% used [0x00000007b6100000,0x00000007b6100000,0x00000007c0000000)
 ParOldGen       total 348160K, used 251526K [0x0000000760000000, 0x0000000775400000, 0x00000007a0000000)
  object space 348160K, 72% used [0x0000000760000000,0x000000076f5a18b8,0x0000000775400000)
 Metaspace       used 589710K, capacity 617420K, committed 617600K, reserved 1585152K
  class space    used 75903K, capacity 81428K, committed 81536K, reserved 1048576K
}
Event: 5927.373 GC heap before
{Heap before GC invocations=91 (full 7):
 PSYoungGen      total 337408K, used 337135K [0x00000007a0000000, 0x00000007c0000000, 0x00000007c0000000)
  eden space 217088K, 100% used [0x00000007a0000000,0x00000007ad400000,0x00000007ad400000)
  from space 120320K, 99% used [0x00000007ad400000,0x00000007b493bf68,0x00000007b4980000)
  to   space 162816K, 0% used [0x00000007b6100000,0x00000007b6100000,0x00000007c0000000)
 ParOldGen       total 348160K, used 251526K [0x0000000760000000, 0x0000000775400000, 0x00000007a0000000)
  object space 348160K, 72% used [0x0000000760000000,0x000000076f5a18b8,0x0000000775400000)
 Metaspace       used 591210K, capacity 618978K, committed 619264K, reserved 1587200K
  class space    used 76017K, capacity 81565K, committed 81664K, reserved 1048576K
Event: 5927.626 GC heap after
Heap after GC invocations=91 (full 7):
 PSYoungGen      total 337920K, used 159257K [0x00000007a0000000, 0x00000007c0000000, 0x00000007c0000000)
  eden space 175104K, 0% used [0x00000007a0000000,0x00000007a0000000,0x00000007aab00000)
  from space 162816K, 97% used [0x00000007b6100000,0x00000007bfc865d0,0x00000007c0000000)
  to   space 174592K, 0% used [0x00000007aab00000,0x00000007aab00000,0x00000007b5580000)
 ParOldGen       total 348160K, used 255158K [0x0000000760000000, 0x0000000775400000, 0x00000007a0000000)
  object space 348160K, 73% used [0x0000000760000000,0x000000076f92db48,0x0000000775400000)
 Metaspace       used 591210K, capacity 618978K, committed 619264K, reserved 1587200K
  class space    used 76017K, capacity 81565K, committed 81664K, reserved 1048576K
}
Event: 5928.715 GC heap before
{Heap before GC invocations=92 (full 7):
 PSYoungGen      total 337920K, used 334361K [0x00000007a0000000, 0x00000007c0000000, 0x00000007c0000000)
  eden space 175104K, 100% used [0x00000007a0000000,0x00000007aab00000,0x00000007aab00000)
  from space 162816K, 97% used [0x00000007b6100000,0x00000007bfc865d0,0x00000007c0000000)
  to   space 174592K, 0% used [0x00000007aab00000,0x00000007aab00000,0x00000007b5580000)
 ParOldGen       total 348160K, used 255158K [0x0000000760000000, 0x0000000775400000, 0x00000007a0000000)
  object space 348160K, 73% used [0x0000000760000000,0x000000076f92db48,0x0000000775400000)
 Metaspace       used 593513K, capacity 621282K, committed 621568K, reserved 1589248K
  class space    used 76287K, capacity 81821K, committed 81920K, reserved 1048576K
Event: 5929.150 GC heap after
Heap after GC invocations=92 (full 7):
 PSYoungGen      total 349696K, used 174582K [0x00000007a0000000, 0x00000007c0000000, 0x00000007c0000000)
  eden space 175104K, 0% used [0x00000007a0000000,0x00000007a0000000,0x00000007aab00000)
  from space 174592K, 99% used [0x00000007aab00000,0x00000007b557d920,0x00000007b5580000)
  to   space 174592K, 0% used [0x00000007b5580000,0x00000007b5580000,0x00000007c0000000)
 ParOldGen       total 348160K, used 284334K [0x0000000760000000, 0x0000000775400000, 0x00000007a0000000)
  object space 348160K, 81% used [0x0000000760000000,0x00000007715ab8b0,0x0000000775400000)
 Metaspace       used 593513K, capacity 621282K, committed 621568K, reserved 1589248K
  class space    used 76287K, capacity 81821K, committed 81920K, reserved 1048576K
}
Event: 5931.372 GC heap before
{Heap before GC invocations=93 (full 7):
 PSYoungGen      total 349696K, used 349686K [0x00000007a0000000, 0x00000007c0000000, 0x00000007c0000000)
  eden space 175104K, 100% used [0x00000007a0000000,0x00000007aab00000,0x00000007aab00000)
  from space 174592K, 99% used [0x00000007aab00000,0x00000007b557d920,0x00000007b5580000)
  to   space 174592K, 0% used [0x00000007b5580000,0x00000007b5580000,0x00000007c0000000)
 ParOldGen       total 348160K, used 284334K [0x0000000760000000, 0x0000000775400000, 0x00000007a0000000)
  object space 348160K, 81% used [0x0000000760000000,0x00000007715ab8b0,0x0000000775400000)
 Metaspace       used 600789K, capacity 628856K, committed 628992K, reserved 1595392K
  class space    used 77276K, capacity 82880K, committed 82944K, reserved 1048576K
Event: 5931.910 GC heap after
Heap after GC invocations=93 (full 7):
 PSYoungGen      total 349696K, used 174568K [0x00000007a0000000, 0x00000007c0000000, 0x00000007c0000000)
  eden space 175104K, 0% used [0x00000007a0000000,0x00000007a0000000,0x00000007aab00000)
  from space 174592K, 99% used [0x00000007b5580000,0x00000007bfffa2e8,0x00000007c0000000)
  to   space 174592K, 0% used [0x00000007aab00000,0x00000007aab00000,0x00000007b5580000)
 ParOldGen       total 348160K, used 317182K [0x0000000760000000, 0x0000000775400000, 0x00000007a0000000)
  object space 348160K, 91% used [0x0000000760000000,0x00000007735bf848,0x0000000775400000)
 Metaspace       used 600789K, capacity 628856K, committed 628992K, reserved 1595392K
  class space    used 77276K, capacity 82880K, committed 82944K, reserved 1048576K
}
Event: 5931.910 GC heap before
{Heap before GC invocations=94 (full 8):
 PSYoungGen      total 349696K, used 174568K [0x00000007a0000000, 0x00000007c0000000, 0x00000007c0000000)
  eden space 175104K, 0% used [0x00000007a0000000,0x00000007a0000000,0x00000007aab00000)
  from space 174592K, 99% used [0x00000007b5580000,0x00000007bfffa2e8,0x00000007c0000000)
  to   space 174592K, 0% used [0x00000007aab00000,0x00000007aab00000,0x00000007b5580000)
 ParOldGen       total 348160K, used 317182K [0x0000000760000000, 0x0000000775400000, 0x00000007a0000000)
  object space 348160K, 91% used [0x0000000760000000,0x00000007735bf848,0x0000000775400000)
 Metaspace       used 600789K, capacity 628856K, committed 628992K, reserved 1595392K
  class space    used 77276K, capacity 82880K, committed 82944K, reserved 1048576K

