# JRE version: OpenJDK Runtime Environment (8.0_212) (build 1.8.0_212-release-1586-b4-5784211)
# Java VM: OpenJDK 64-Bit Server VM (25.212-b4-5784211 mixed mode bsd-amd64 compressed oops)
Heap:
 PSYoungGen      total 285696K, used 124776K [0x00000007a0000000, 0x00000007b6700000, 0x00000007c0000000)
  eden space 239616K, 46% used [0x00000007a0000000,0x00000007a6c7eec0,0x00000007aea00000)
  from space 46080K, 29% used [0x00000007aea00000,0x00000007af75b520,0x00000007b1700000)
  to   space 45056K, 0% used [0x00000007b3b00000,0x00000007b3b00000,0x00000007b6700000)
 ParOldGen       total 243712K, used 82730K [0x0000000760000000, 0x000000076ee00000, 0x00000007a0000000)
  object space 243712K, 33% used [0x0000000760000000,0x00000007650ca8f8,0x000000076ee00000)
 Metaspace       used 101977K, capacity 107310K, committed 107416K, reserved 1142784K
  class space    used 13358K, capacity 14448K, committed 14488K, reserved 1048576K
GC Heap History (10 events):
Event: 559.969 GC heap before
{Heap before GC invocations=19 (full 3):
 PSYoungGen      total 249344K, used 248976K [0x00000007a0000000, 0x00000007b1b80000, 0x00000007c0000000)
  eden space 221696K, 100% used [0x00000007a0000000,0x00000007ad880000,0x00000007ad880000)
  from space 27648K, 98% used [0x00000007ae000000,0x00000007afaa4268,0x00000007afb00000)
  to   space 33280K, 0% used [0x00000007afb00000,0x00000007afb00000,0x00000007b1b80000)
 ParOldGen       total 156672K, used 53547K [0x0000000760000000, 0x0000000769900000, 0x00000007a0000000)
  object space 156672K, 34% used [0x0000000760000000,0x000000076344af20,0x0000000769900000)
 Metaspace       used 88853K, capacity 93352K, committed 93464K, reserved 1130496K
  class space    used 11580K, capacity 12545K, committed 12568K, reserved 1048576K
Event: 560.028 GC heap after
Heap after GC invocations=19 (full 3):
 PSYoungGen      total 247808K, used 33268K [0x00000007a0000000, 0x00000007b4b80000, 0x00000007c0000000)
  eden space 214528K, 0% used [0x00000007a0000000,0x00000007a0000000,0x00000007ad180000)
  from space 33280K, 99% used [0x00000007afb00000,0x00000007b1b7d320,0x00000007b1b80000)
  to   space 42496K, 0% used [0x00000007ad180000,0x00000007ad180000,0x00000007afb00000)
 ParOldGen       total 156672K, used 63335K [0x0000000760000000, 0x0000000769900000, 0x00000007a0000000)
  object space 156672K, 40% used [0x0000000760000000,0x0000000763dd9eb0,0x0000000769900000)
 Metaspace       used 88853K, capacity 93352K, committed 93464K, reserved 1130496K
  class space    used 11580K, capacity 12545K, committed 12568K, reserved 1048576K
}
Event: 561.865 GC heap before
{Heap before GC invocations=20 (full 3):
 PSYoungGen      total 247808K, used 247796K [0x00000007a0000000, 0x00000007b4b80000, 0x00000007c0000000)
  eden space 214528K, 100% used [0x00000007a0000000,0x00000007ad180000,0x00000007ad180000)
  from space 33280K, 99% used [0x00000007afb00000,0x00000007b1b7d320,0x00000007b1b80000)
  to   space 42496K, 0% used [0x00000007ad180000,0x00000007ad180000,0x00000007afb00000)
 ParOldGen       total 156672K, used 63335K [0x0000000760000000, 0x0000000769900000, 0x00000007a0000000)
  object space 156672K, 40% used [0x0000000760000000,0x0000000763dd9eb0,0x0000000769900000)
 Metaspace       used 91106K, capacity 95722K, committed 95896K, reserved 1132544K
  class space    used 11848K, capacity 12842K, committed 12952K, reserved 1048576K
Event: 561.915 GC heap after
Heap after GC invocations=20 (full 3):
 PSYoungGen      total 257024K, used 33515K [0x00000007a0000000, 0x00000007b4380000, 0x00000007c0000000)
  eden space 214528K, 0% used [0x00000007a0000000,0x00000007a0000000,0x00000007ad180000)
  from space 42496K, 78% used [0x00000007ad180000,0x00000007af23ac80,0x00000007afb00000)
  to   space 45568K, 0% used [0x00000007b1700000,0x00000007b1700000,0x00000007b4380000)
 ParOldGen       total 156672K, used 76328K [0x0000000760000000, 0x0000000769900000, 0x00000007a0000000)
  object space 156672K, 48% used [0x0000000760000000,0x0000000764a8a3e0,0x0000000769900000)
 Metaspace       used 91106K, capacity 95722K, committed 95896K, reserved 1132544K
  class space    used 11848K, capacity 12842K, committed 12952K, reserved 1048576K
}
Event: 563.120 GC heap before
{Heap before GC invocations=21 (full 3):
 PSYoungGen      total 257024K, used 136239K [0x00000007a0000000, 0x00000007b4380000, 0x00000007c0000000)
  eden space 214528K, 47% used [0x00000007a0000000,0x00000007a64512a0,0x00000007ad180000)
  from space 42496K, 78% used [0x00000007ad180000,0x00000007af23ac80,0x00000007afb00000)
  to   space 45568K, 0% used [0x00000007b1700000,0x00000007b1700000,0x00000007b4380000)
 ParOldGen       total 156672K, used 76328K [0x0000000760000000, 0x0000000769900000, 0x00000007a0000000)
  object space 156672K, 48% used [0x0000000760000000,0x0000000764a8a3e0,0x0000000769900000)
 Metaspace       used 93664K, capacity 98476K, committed 98600K, reserved 1134592K
  class space    used 12213K, capacity 13191K, committed 13208K, reserved 1048576K
Event: 563.172 GC heap after
Heap after GC invocations=21 (full 3):
 PSYoungGen      total 285184K, used 28750K [0x00000007a0000000, 0x00000007b4b80000, 0x00000007c0000000)
  eden space 239616K, 0% used [0x00000007a0000000,0x00000007a0000000,0x00000007aea00000)
  from space 45568K, 63% used [0x00000007b1700000,0x00000007b3313b48,0x00000007b4380000)
  to   space 46080K, 0% used [0x00000007aea00000,0x00000007aea00000,0x00000007b1700000)
 ParOldGen       total 156672K, used 76336K [0x0000000760000000, 0x0000000769900000, 0x00000007a0000000)
  object space 156672K, 48% used [0x0000000760000000,0x0000000764a8c3e0,0x0000000769900000)
 Metaspace       used 93664K, capacity 98476K, committed 98600K, reserved 1134592K
  class space    used 12213K, capacity 13191K, committed 13208K, reserved 1048576K
}
Event: 563.172 GC heap before
{Heap before GC invocations=22 (full 4):
 PSYoungGen      total 285184K, used 28750K [0x00000007a0000000, 0x00000007b4b80000, 0x00000007c0000000)
  eden space 239616K, 0% used [0x00000007a0000000,0x00000007a0000000,0x00000007aea00000)
  from space 45568K, 63% used [0x00000007b1700000,0x00000007b3313b48,0x00000007b4380000)
  to   space 46080K, 0% used [0x00000007aea00000,0x00000007aea00000,0x00000007b1700000)
 ParOldGen       total 156672K, used 76336K [0x0000000760000000, 0x0000000769900000, 0x00000007a0000000)
  object space 156672K, 48% used [0x0000000760000000,0x0000000764a8c3e0,0x0000000769900000)
 Metaspace       used 93664K, capacity 98476K, committed 98600K, reserved 1134592K
  class space    used 12213K, capacity 13191K, committed 13208K, reserved 1048576K
Event: 563.550 GC heap after
Heap after GC invocations=22 (full 4):
 PSYoungGen      total 285184K, used 0K [0x00000007a0000000, 0x00000007b4b80000, 0x00000007c0000000)
  eden space 239616K, 0% used [0x00000007a0000000,0x00000007a0000000,0x00000007aea00000)
  from space 45568K, 0% used [0x00000007b1700000,0x00000007b1700000,0x00000007b4380000)
  to   space 46080K, 0% used [0x00000007aea00000,0x00000007aea00000,0x00000007b1700000)
 ParOldGen       total 243712K, used 82722K [0x0000000760000000, 0x000000076ee00000, 0x00000007a0000000)
  object space 243712K, 33% used [0x0000000760000000,0x00000007650c88f8,0x000000076ee00000)
 Metaspace       used 93340K, capacity 97588K, committed 98600K, reserved 1134592K
  class space    used 12114K, capacity 12979K, committed 13208K, reserved 1048576K
}
Event: 566.213 GC heap before
{Heap before GC invocations=23 (full 4):
 PSYoungGen      total 285184K, used 239616K [0x00000007a0000000, 0x00000007b4b80000, 0x00000007c0000000)
  eden space 239616K, 100% used [0x00000007a0000000,0x00000007aea00000,0x00000007aea00000)
  from space 45568K, 0% used [0x00000007b1700000,0x00000007b1700000,0x00000007b4380000)
  to   space 46080K, 0% used [0x00000007aea00000,0x00000007aea00000,0x00000007b1700000)
 ParOldGen       total 243712K, used 82722K [0x0000000760000000, 0x000000076ee00000, 0x00000007a0000000)
  object space 243712K, 33% used [0x0000000760000000,0x00000007650c88f8,0x000000076ee00000)
 Metaspace       used 101021K, capacity 106294K, committed 106520K, reserved 1140736K
  class space    used 13240K, capacity 14286K, committed 14360K, reserved 1048576K
Event: 566.227 GC heap after
Heap after GC invocations=23 (full 4):
 PSYoungGen      total 285696K, used 13677K [0x00000007a0000000, 0x00000007b6700000, 0x00000007c0000000)
  eden space 239616K, 0% used [0x00000007a0000000,0x00000007a0000000,0x00000007aea00000)
  from space 46080K, 29% used [0x00000007aea00000,0x00000007af75b520,0x00000007b1700000)
  to   space 45056K, 0% used [0x00000007b3b00000,0x00000007b3b00000,0x00000007b6700000)
 ParOldGen       total 243712K, used 82730K [0x0000000760000000, 0x000000076ee00000, 0x00000007a0000000)
  object space 243712K, 33% used [0x0000000760000000,0x00000007650ca8f8,0x000000076ee00000)
 Metaspace       used 101021K, capacity 106294K, committed 106520K, reserved 1140736K
  class space    used 13240K, capacity 14286K, committed 14360K, reserved 1048576K
}

